<?xml version="1.0" encoding="UTF-8"?>
<!-- Generated by org.testng.reporters.JUnitReportReporter -->
<testsuite hostname="PrashanthBhat" failures="0" tests="11" name="testRunner.SerialExecution_Igonre" time="233.984" errors="1" timestamp="2025-07-17T19:34:59 IST" skipped="0">
  <testcase classname="testRunner.SerialExecution_Igonre" name="runScenario" time="13.783"/>
  <testcase classname="testRunner.SerialExecution_Igonre" name="runScenario" time="57.432">
    <error message="Expected condition failed: waiting for presence of element located by: AppiumBy.accessibilityId: Logout successful (tried for 5 second(s) with 500 milliseconds interval)" type="org.openqa.selenium.TimeoutException">
      <![CDATA[org.openqa.selenium.TimeoutException: Expected condition failed: waiting for presence of element located by: AppiumBy.accessibilityId: Logout successful (tried for 5 second(s) with 500 milliseconds interval)
at org.openqa.selenium.support.ui.WebDriverWait.timeoutException(WebDriverWait.java:84)
at org.openqa.selenium.support.ui.FluentWait.until(FluentWait.java:228)
at Utils.ToastMessages.VerifyToast(ToastMessages.java:18)
at stepDefinitions.TC_2_Login_and_Logout.verify_the_toast_message_displayed(TC_2_Login_and_Logout.java:38)
at âœ½.Verify the toast message displayed(file:///C:/Users/prade/Music/Appium%20Frameworks/ExcelCowork/src/test/resources/features/3_LoginAndLogout_Scenario.feature:17)
Caused by: org.openqa.selenium.NoSuchElementException: An element could not be located on the page using the given search parameters.
For documentation on this error, please visit: https://www.selenium.dev/documentation/webdriver/troubleshooting/errors#no-such-element-exception
Build info: version: '4.34.0', revision: '707dcb4246*'
System info: os.name: 'Windows 11', os.arch: 'amd64', os.version: '10.0', java.version: '21.0.7'
Driver info: io.appium.java_client.android.AndroidDriver
Command: [28911a7e-023f-4c6a-a95a-d344d8347f22, findElement {value=Logout successful, using=accessibility id}]
Capabilities {appium:app: C:\Users\prade\Music\Appium..., appium:appActivity: com.excelcoworks.excelcowor..., appium:appPackage: com.excel.coworks, appium:automationName: UiAutomator2, appium:databaseEnabled: false, appium:desired: {app: C:\Users\prade\Music\Appium..., automationName: UiAutomator2, deviceName: Phone121, fullReset: false, newCommandTimeout: 30, platformName: ANDROID, udid: emulator-5554}, appium:deviceApiLevel: 36, appium:deviceManufacturer: Google, appium:deviceModel: sdk_gphone64_x86_64, appium:deviceName: emulator-5554, appium:deviceScreenDensity: 440, appium:deviceScreenSize: 1080x2160, appium:deviceUDID: emulator-5554, appium:fullReset: false, appium:javascriptEnabled: true, appium:locationContextEnabled: false, appium:networkConnectionEnabled: true, appium:newCommandTimeout: 30, appium:pixelRatio: 2.75, appium:platformVersion: 16, appium:statBarHeight: 66, appium:takesScreenshot: true, appium:udid: emulator-5554, appium:viewportRect: {height: 2094, left: 0, top: 66, width: 1080}, appium:warnings: {}, appium:webStorageEnabled: false, platformName: ANDROID}
Session ID: 28911a7e-023f-4c6a-a95a-d344d8347f22
at java.base/jdk.internal.reflect.DirectConstructorHandleAccessor.newInstance(DirectConstructorHandleAccessor.java:62)
at java.base/java.lang.reflect.Constructor.newInstanceWithCaller(Constructor.java:502)
at java.base/java.lang.reflect.Constructor.newInstance(Constructor.java:486)
at org.openqa.selenium.remote.ErrorCodec.decode(ErrorCodec.java:167)
at org.openqa.selenium.remote.codec.w3c.W3CHttpResponseCodec.decode(W3CHttpResponseCodec.java:138)
at org.openqa.selenium.remote.codec.w3c.W3CHttpResponseCodec.decode(W3CHttpResponseCodec.java:50)
at org.openqa.selenium.remote.HttpCommandExecutor.execute(HttpCommandExecutor.java:215)
at io.appium.java_client.remote.AppiumCommandExecutor.execute(AppiumCommandExecutor.java:244)
at org.openqa.selenium.remote.RemoteWebDriver.execute(RemoteWebDriver.java:544)
at org.openqa.selenium.remote.ElementLocation$ElementFinder$2.findElement(ElementLocation.java:165)
at org.openqa.selenium.remote.ElementLocation.findElement(ElementLocation.java:66)
at org.openqa.selenium.remote.RemoteWebDriver.findElement(RemoteWebDriver.java:367)
at org.openqa.selenium.remote.RemoteWebDriver.findElement(RemoteWebDriver.java:361)
at org.openqa.selenium.support.ui.ExpectedConditions$6.apply(ExpectedConditions.java:171)
at org.openqa.selenium.support.ui.ExpectedConditions$6.apply(ExpectedConditions.java:168)
at org.openqa.selenium.support.ui.FluentWait.until(FluentWait.java:203)
... 3 more
]]>
    </error>
  </testcase> <!-- runScenario -->
  <testcase classname="testRunner.SerialExecution_Igonre" name="runScenario" time="9.722"/>
  <testcase classname="testRunner.SerialExecution_Igonre" name="runScenario" time="11.494"/>
  <testcase classname="testRunner.SerialExecution_Igonre" name="runScenario" time="15.546"/>
  <testcase classname="testRunner.SerialExecution_Igonre" name="runScenario" time="41.613"/>
  <testcase classname="testRunner.SerialExecution_Igonre" name="runScenario" time="27.640"/>
  <testcase classname="testRunner.SerialExecution_Igonre" name="runScenario" time="16.994"/>
  <testcase classname="testRunner.SerialExecution_Igonre" name="runScenario" time="9.424"/>
  <testcase classname="testRunner.SerialExecution_Igonre" name="runScenario" time="20.728"/>
  <testcase classname="testRunner.SerialExecution_Igonre" name="runScenario" time="9.608"/>
</testsuite> <!-- testRunner.SerialExecution_Igonre -->
