<?xml version="1.0" encoding="UTF-8"?>
<!-- Generated by org.testng.reporters.JUnitReportReporter -->
<testsuite hostname="PrashanthBhat" failures="0" tests="14" name="testRunner.TestRunner2" time="0.389" errors="1" timestamp="2025-07-17T17:57:34 IST" skipped="0">
  <testcase classname="testRunner.TestRunner2" name="runScenario" time="0.009"/>
  <testcase classname="testRunner.TestRunner2" name="runScenario" time="0.045">
    <error message="The step &#039;Put the Generated OTP in the textfield.&#039; is undefined.
You can implement this step using the snippet(s) below:

@Then(&quot;Put the Generated OTP in the textfield.&quot;)
public void put_the_generated_otp_in_the_textfield() {
    // Write code here that turns the phrase above into concrete actions
    throw new io.cucumber.java.PendingException();
}
" type="io.cucumber.testng.UndefinedStepException">
      <![CDATA[io.cucumber.testng.UndefinedStepException: The step 'Put the Generated OTP in the textfield.' is undefined.
You can implement this step using the snippet(s) below:

@Then("Put the Generated OTP in the textfield.")
public void put_the_generated_otp_in_the_textfield() {
    // Write code here that turns the phrase above into concrete actions
    throw new io.cucumber.java.PendingException();
}

at âœ½.Put the Generated OTP in the textfield.(file:///C:/Users/prade/Music/Appium%20Frameworks/ExcelCowork/src/test/resources/features/trip.feature:10)
]]>
    </error>
  </testcase> <!-- runScenario -->
  <testcase classname="testRunner.TestRunner2" name="runScenario" time="0.013"/>
  <testcase classname="testRunner.TestRunner2" name="runScenario" time="0.011"/>
  <testcase classname="testRunner.TestRunner2" name="runScenario" time="0.011"/>
  <testcase classname="testRunner.TestRunner2" name="runScenario" time="0.006"/>
  <testcase classname="testRunner.TestRunner2" name="runScenario" time="0.006"/>
  <testcase classname="testRunner.TestRunner2" name="runScenario" time="0.017"/>
  <testcase classname="testRunner.TestRunner2" name="runScenario" time="0.220"/>
  <testcase classname="testRunner.TestRunner2" name="runScenario" time="0.018"/>
  <testcase classname="testRunner.TestRunner2" name="runScenario" time="0.008"/>
  <testcase classname="testRunner.TestRunner2" name="runScenario" time="0.008"/>
  <testcase classname="testRunner.TestRunner2" name="runScenario" time="0.008"/>
  <testcase classname="testRunner.TestRunner2" name="runScenario" time="0.009"/>
</testsuite> <!-- testRunner.TestRunner2 -->
